
> legacy-ai-app@0.1.0 dev
> next dev

▲ Next.js 16.1.6 (Turbopack)
- Local:         http://localhost:3000
- Network:       http://10.160.1.167:3000
- Environments: .env

✓ Starting...
Attention: Next.js now collects completely anonymous telemetry regarding usage.
This information is used to shape Next.js' roadmap and prioritize features.
You can learn more, including how to opt-out if you'd not like to participate in this anonymous program, by visiting the following URL:
https://nextjs.org/telemetry

✓ Ready in 1654ms
Error: Cannot apply unknown utility class `border-border`. Are you using CSS modules or similar and missing `@reference`? https://tailwindcss.com/docs/functions-and-directives#reference-directive
    [2m[at onInvalidCandidate (/Users/tylermason/.openclaw/workspace/projects/legacy-ai-app/node_modules/tailwindcss/dist/lib.js:21:1314)][0m
    [2m[at Ee (/Users/tylermason/.openclaw/workspace/projects/legacy-ai-app/node_modules/tailwindcss/dist/lib.js:16:37066)][0m
    [2m[at /Users/tylermason/.openclaw/workspace/projects/legacy-ai-app/node_modules/tailwindcss/dist/lib.js:21:355][0m
    [2m[at Pr (/Users/tylermason/.openclaw/workspace/projects/legacy-ai-app/node_modules/tailwindcss/dist/lib.js:3:1733)][0m
    [2m[at _ (/Users/tylermason/.openclaw/workspace/projects/legacy-ai-app/node_modules/tailwindcss/dist/lib.js:3:1377)][0m
    [2m[at Te (/Users/tylermason/.openclaw/workspace/projects/legacy-ai-app/node_modules/tailwindcss/dist/lib.js:21:172)][0m
    [2m[at pn (/Users/tylermason/.openclaw/workspace/projects/legacy-ai-app/node_modules/tailwindcss/dist/lib.js:38:294)][0m
    [2m[at process.processTicksAndRejections (node:internal/process/task_queues:103:5)][0m
    [2m[at async dn (/Users/tylermason/.openclaw/workspace/projects/legacy-ai-app/node_modules/tailwindcss/dist/lib.js:38:631)][0m
    [2m[at async Xr (/Users/tylermason/.openclaw/workspace/projects/legacy-ai-app/node_modules/@tailwindcss/node/dist/index.js:10:3417)][0m
⨯ ./src/app/globals.css
Error evaluating Node.js code
CssSyntaxError: tailwindcss: /Users/tylermason/.openclaw/workspace/projects/legacy-ai-app/src/app/globals.css:1:1: Cannot apply unknown utility class `border-border`. Are you using CSS modules or similar and missing `@reference`? https://tailwindcss.com/docs/functions-and-directives#reference-directive
    [at Input.error (turbopack:///[project]/node_modules/postcss/lib/input.js:135:16)]
    [at Root.error (turbopack:///[project]/node_modules/postcss/lib/node.js:146:32)]
    [at Object.Once (/Users/tylermason/.openclaw/workspace/projects/legacy-ai-app/node_modules/@tailwindcss/postcss/dist/index.js:10:6913)]
    [at process.processTicksAndRejections (node:internal/process/task_queues:103:5)]
    [at async LazyResult.runAsync (turbopack:///[project]/node_modules/postcss/lib/lazy-result.js:293:11)]
    [at async transform (turbopack:///[turbopack-node]/transforms/postcss.ts:70:34)]
    [at async run (turbopack:///[turbopack-node]/ipc/evaluate.ts:92:23)]

Import trace:
  Client Component Browser:
    ./src/app/globals.css [Client Component Browser]
    ./src/app/layout.tsx [Server Component]


 GET / 500 in 1604ms (compile: 1550ms, render: 53ms)
⨯ ./src/app/globals.css
Error evaluating Node.js code
CssSyntaxError: tailwindcss: /Users/tylermason/.openclaw/workspace/projects/legacy-ai-app/src/app/globals.css:1:1: Cannot apply unknown utility class `border-border`. Are you using CSS modules or similar and missing `@reference`? https://tailwindcss.com/docs/functions-and-directives#reference-directive
    [at Input.error (turbopack:///[project]/node_modules/postcss/lib/input.js:135:16)]
    [at Root.error (turbopack:///[project]/node_modules/postcss/lib/node.js:146:32)]
    [at Object.Once (/Users/tylermason/.openclaw/workspace/projects/legacy-ai-app/node_modules/@tailwindcss/postcss/dist/index.js:10:6913)]
    [at process.processTicksAndRejections (node:internal/process/task_queues:103:5)]
    [at async LazyResult.runAsync (turbopack:///[project]/node_modules/postcss/lib/lazy-result.js:293:11)]
    [at async transform (turbopack:///[turbopack-node]/transforms/postcss.ts:70:34)]
    [at async run (turbopack:///[turbopack-node]/ipc/evaluate.ts:92:23)]

Import trace:
  Client Component Browser:
    ./src/app/globals.css [Client Component Browser]
    ./src/app/layout.tsx [Server Component]


 GET / 500 in 6ms (compile: 2ms, render: 4ms)
⨯ ./src/app/globals.css
Error evaluating Node.js code
CssSyntaxError: tailwindcss: /Users/tylermason/.openclaw/workspace/projects/legacy-ai-app/src/app/globals.css:1:1: Cannot apply unknown utility class `border-border`. Are you using CSS modules or similar and missing `@reference`? https://tailwindcss.com/docs/functions-and-directives#reference-directive
    [at Input.error (turbopack:///[project]/node_modules/postcss/lib/input.js:135:16)]
    [at Root.error (turbopack:///[project]/node_modules/postcss/lib/node.js:146:32)]
    [at Object.Once (/Users/tylermason/.openclaw/workspace/projects/legacy-ai-app/node_modules/@tailwindcss/postcss/dist/index.js:10:6913)]
    [at process.processTicksAndRejections (node:internal/process/task_queues:103:5)]
    [at async LazyResult.runAsync (turbopack:///[project]/node_modules/postcss/lib/lazy-result.js:293:11)]
    [at async transform (turbopack:///[turbopack-node]/transforms/postcss.ts:70:34)]
    [at async run (turbopack:///[turbopack-node]/ipc/evaluate.ts:92:23)]

Import trace:
  Client Component Browser:
    ./src/app/globals.css [Client Component Browser]
    ./src/app/layout.tsx [Server Component]


 GET / 500 in 23ms (compile: 9ms, render: 14ms)
[?25h
